app/build/intermediates/manifest_merge_blame_file/debug/manifest-merger-blame-debug-report.txt
1<?xml version="1.0" encoding="utf-8"?>
2<manifest xmlns:android="http://schemas.android.com/apk/res/android"
3    package="com.example.exmad"
4    android:versionCode="1"
5    android:versionName="1.0" >
6
7    <uses-sdk
8        android:minSdkVersion="16"
8-->src\main\AndroidManifest.xml
9        android:targetSdkVersion="30" />
9-->src\main\AndroidManifest.xml
10
11    <application
11-->src\main\AndroidManifest.xml:5:5-24:19
12        android:allowBackup="true"
12-->src\main\AndroidManifest.xml:6:9-35
13        android:appComponentFactory="androidx.core.app.CoreComponentFactory"
13-->[androidx.core:core:1.3.0] AndroidManifest.xml:24:18-86
14        android:debuggable="true"
15        android:icon="@mipmap/ic_launcher"
15-->src\main\AndroidManifest.xml:7:9-43
16        android:label="@string/app_name"
16-->src\main\AndroidManifest.xml:8:9-41
17        android:roundIcon="@mipmap/ic_launcher_round"
17-->src\main\AndroidManifest.xml:9:9-54
18        android:supportsRtl="true"
18-->src\main\AndroidManifest.xml:10:9-35
19        android:testOnly="true"
20        android:theme="@style/AppTheme" >
20-->src\main\AndroidManifest.xml:11:9-40
21        <activity android:name="com.example.exmad.Register" >
21-->src\main\AndroidManifest.xml:12:9-17:20
21-->src\main\AndroidManifest.xml:12:19-43
22            <intent-filter>
22-->src\main\AndroidManifest.xml:12:44-16:25
23                <action android:name="android.intent.action.MAIN" />
23-->src\main\AndroidManifest.xml:13:13-65
23-->src\main\AndroidManifest.xml:13:21-62
24
25                <category android:name="android.intent.category.LAUNCHER" />
25-->src\main\AndroidManifest.xml:15:13-73
25-->src\main\AndroidManifest.xml:15:23-70
26            </intent-filter>
27        </activity>
28        <activity android:name="com.example.exmad.Login" />
28-->src\main\AndroidManifest.xml:18:9-43
28-->src\main\AndroidManifest.xml:18:19-40
29        <activity android:name="com.example.exmad.View_Packages" />
29-->src\main\AndroidManifest.xml:19:9-51
29-->src\main\AndroidManifest.xml:19:19-48
30        <activity android:name="com.example.exmad.Add_Packages" />
30-->src\main\AndroidManifest.xml:20:9-50
30-->src\main\AndroidManifest.xml:20:19-47
31        <activity android:name="com.example.exmad.Package_Details" />
31-->src\main\AndroidManifest.xml:21:9-53
31-->src\main\AndroidManifest.xml:21:19-50
32        <activity android:name="com.example.exmad.Travel_Packages" />
32-->src\main\AndroidManifest.xml:22:9-52
32-->src\main\AndroidManifest.xml:22:19-50
33        <activity android:name="com.example.exmad.Traveler_Details" />
33-->src\main\AndroidManifest.xml:23:9-54
33-->src\main\AndroidManifest.xml:23:19-51
34    </application>
35
36</manifest>